2026-03-08T20:14:12.612Z [console][log] [vite] connected.
2026-03-08T20:24:44.337Z [console][log] [vite] hot updated: /src/styles/layout.css
2026-03-08T20:24:44.801Z [console][log] [vite] hot updated: /src/styles/layout.css
2026-03-08T20:26:30.159Z [console][log] [vite] hot updated: /src/styles/components.css
2026-03-08T20:26:30.631Z [console][log] [vite] hot updated: /src/styles/components.css
2026-03-08T20:24:44.337Z [console][debug] [vite] hot updated: /src/styles/layout.css
2026-03-08T20:24:44.801Z [console][debug] [vite] hot updated: /src/styles/layout.css
2026-03-08T20:26:30.159Z [console][debug] [vite] hot updated: /src/styles/components.css
2026-03-08T20:26:30.631Z [console][debug] [vite] hot updated: /src/styles/components.css
2026-03-08T20:14:12.612Z [console][log] [vite] connected.
2026-03-08T20:24:44.337Z [console][log] [vite] hot updated: /src/styles/layout.css
2026-03-08T20:24:44.801Z [console][log] [vite] hot updated: /src/styles/layout.css
2026-03-08T20:26:30.159Z [console][log] [vite] hot updated: /src/styles/components.css
2026-03-08T20:26:30.631Z [console][log] [vite] hot updated: /src/styles/components.css
2026-03-08T20:24:44.337Z [console][debug] [vite] hot updated: /src/styles/layout.css
2026-03-08T20:24:44.801Z [console][debug] [vite] hot updated: /src/styles/layout.css
2026-03-08T20:26:30.159Z [console][debug] [vite] hot updated: /src/styles/components.css
2026-03-08T20:26:30.631Z [console][debug] [vite] hot updated: /src/styles/components.css
2026-03-08T20:58:55.800Z [console][log] [vite] connecting...
2026-03-08T20:58:55.818Z [console][log] [vite] connected.
2026-03-08T20:58:55.800Z [console][log] [vite] connecting...
2026-03-08T20:58:55.818Z [console][log] [vite] connected.
2026-03-08T21:00:54.142Z [console][log] [vite] connected.
2026-03-08T21:03:55.503Z [console][log] [vite] hot updated: /src/styles/variables.css
2026-03-08T21:03:55.962Z [console][log] [vite] hot updated: /src/styles/variables.css
2026-03-08T21:04:25.230Z [console][log] [vite] hot updated: /src/styles/base.css
2026-03-08T21:04:25.692Z [console][log] [vite] hot updated: /src/styles/base.css
2026-03-08T21:05:49.430Z [console][log] [vite] hot updated: /src/styles/layout.css
2026-03-08T21:05:49.896Z [console][log] [vite] hot updated: /src/styles/layout.css
2026-03-08T21:08:10.276Z [console][log] [vite] hot updated: /src/styles/components.css
2026-03-08T21:08:10.722Z [console][log] [vite] hot updated: /src/styles/components.css
2026-03-08T21:03:55.503Z [console][debug] [vite] hot updated: /src/styles/variables.css
2026-03-08T21:03:55.962Z [console][debug] [vite] hot updated: /src/styles/variables.css
2026-03-08T21:04:25.230Z [console][debug] [vite] hot updated: /src/styles/base.css
2026-03-08T21:04:25.692Z [console][debug] [vite] hot updated: /src/styles/base.css
2026-03-08T21:05:49.429Z [console][debug] [vite] hot updated: /src/styles/layout.css
2026-03-08T21:05:49.896Z [console][debug] [vite] hot updated: /src/styles/layout.css
2026-03-08T21:08:10.276Z [console][debug] [vite] hot updated: /src/styles/components.css
2026-03-08T21:08:10.722Z [console][debug] [vite] hot updated: /src/styles/components.css
